#
# There is insufficient memory for the Java Runtime Environment to continue.
# Native memory allocation (mmap) failed to map 8589934592 bytes. Error detail: committing reserved memory.
# Possible reasons:
#   The system is out of physical RAM or swap space
# Possible solutions:
#   Reduce memory load on the system
#   Increase physical memory or swap space
#   Check if swap backing store is full
#   Decrease Java heap size (-Xmx/-Xms)
#   Decrease number of Java threads
#   Decrease Java thread stack sizes (-Xss)
#   Set larger code cache with -XX:ReservedCodeCacheSize=
# This output file may be truncated or incomplete.
#
#  Out of Memory Error (os_linux.cpp:2784), pid=38012, tid=38013
#
# JRE version:  (21.0.3+9) (build )
# Java VM: OpenJDK 64-Bit Server VM (21.0.3+9-LTS, mixed mode, sharing, tiered, compressed class ptrs, g1 gc, linux-amd64)
# Core dump will be written. Default location: Core dumps may be processed with "/usr/share/apport/apport -p%p -s%s -c%c -d%d -P%P -u%u -g%g -- %E" (or dumping to /workspaces/Panel/core.38012)
#

---------------  S U M M A R Y ------------

Command Line: -Xms8G -Xmx32G server.jar --nogui

Host: AMD EPYC 7763 64-Core Processor, 2 cores, 7G, Ubuntu 20.04.6 LTS
Time: Sat Jun 29 03:32:04 2024 UTC elapsed time: 0.008652 seconds (0d 0h 0m 0s)

---------------  T H R E A D  ---------------

Current thread (0x00007fb9e0027760):  JavaThread "Unknown thread" [_thread_in_vm, id=38013, stack(0x00007fb9e6a9b000,0x00007fb9e6b9c000) (1028K)]

Stack: [0x00007fb9e6a9b000,0x00007fb9e6b9c000],  sp=0x00007fb9e6b9a4b0,  free space=1021k
Native frames: (J=compiled Java code, j=interpreted, Vv=VM code, C=native code)
V  [libjvm.so+0x10092e8]  VMError::report_and_die(int, char const*, char const*, __va_list_tag*, Thread*, unsigned char*, void*, void*, char const*, int, unsigned long)+0x2b8  (os_linux.cpp:2784)
V  [libjvm.so+0x1009cdd]
V  [libjvm.so+0x6b97bf]
V  [libjvm.so+0xd031b4]  os::pd_commit_memory_or_exit(char*, unsigned long, unsigned long, bool, char const*)+0xd4
V  [libjvm.so+0xcfc65d]  os::commit_memory_or_exit(char*, unsigned long, unsigned long, bool, char const*)+0x1d
V  [libjvm.so+0x811feb]  G1PageBasedVirtualSpace::commit(unsigned long, unsigned long)+0xfb
V  [libjvm.so+0x82847f]  G1RegionsLargerThanCommitSizeMapper::commit_regions(unsigned int, unsigned long, WorkerThreads*)+0x9f
V  [libjvm.so+0x8b8075]  HeapRegionManager::commit_regions(unsigned int, unsigned long, WorkerThreads*)+0x55
V  [libjvm.so+0x8b9ce2]  HeapRegionManager::expand(unsigned int, unsigned int, WorkerThreads*)+0x32
V  [libjvm.so+0x8b9f0e]  HeapRegionManager::expand_by(unsigned int, WorkerThreads*)+0x7e
V  [libjvm.so+0x7cc6cf]  G1CollectedHeap::expand(unsigned long, WorkerThreads*, double*)+0xff
V  [libjvm.so+0x7ccce4]  G1CollectedHeap::initialize()+0x5c4
V  [libjvm.so+0xfaa526]  universe_init()+0xd6
V  [libjvm.so+0x8d8a07]  init_globals()+0x37
V  [libjvm.so+0xf891f5]  Threads::create_vm(JavaVMInitArgs*, bool*)+0x2b5
V  [libjvm.so+0x9b442f]  JNI_CreateJavaVM+0x4f
C  [libjli.so+0x42cb]  JavaMain+0x8b
C  [libjli.so+0x7e49]  ThreadJavaMain+0x9

---------------  P R O C E S S  ---------------

Threads class SMR info:
_java_thread_list=0x00007fb9e825e9e0, length=0, elements={
}

Java Threads: ( => current thread )
Total: 0

Other Threads:
  0x00007fb9e0054c00 WorkerThread "GC Thread#0"                     [id=38014, stack(0x00007fb9e638f000,0x00007fb9e648f000) (1024K)]
  0x00007fb9e00661c0 ConcurrentGCThread "G1 Main Marker"            [id=38015, stack(0x00007fb9e628e000,0x00007fb9e638e000) (1024K)]
  0x00007fb9e0067160 WorkerThread "G1 Conc#0"                       [id=38016, stack(0x00007fb9e618d000,0x00007fb9e628d000) (1024K)]

[error occurred during error reporting (printing all threads), id 0xb, SIGSEGV (0xb) at pc=0x00007fb9e74da720]
VM state: not at safepoint (not fully initialized)

VM Mutex/Monitor currently owned by a thread:  ([mutex/lock_event])
[0x00007fb9e8238d40] Heap_lock - owner thread: 0x00007fb9e0027760

CDS archive(s) mapped at: [0x0000000000000000-0x0000000000000000-0x0000000000000000), size 0, SharedBaseAddress: 0x0000000800000000, ArchiveRelocationMode: 1.
Narrow klass base: 0x0000000000000000, Narrow klass shift: 0, Narrow klass range: 0x0

GC Precious Log:
 CardTable entry size: 512
 Card Set container configuration: InlinePtr #cards 3 size 8 Array Of Cards #cards 128 size 272 Howl #buckets 8 coarsen threshold 29491 Howl Bitmap #cards 4096 size 528 coarsen threshold 3686 Card regions per heap region 1 cards per card region 32768

Heap:
 garbage-first heap   total 0K, used 0K [0x00007fb1c8000000, 0x00007fb9c8000000)
  region size 16384K, 0 young (0K), 0 survivors (0K)

[error occurred during error reporting (printing heap information), id 0xb, SIGSEGV (0xb) at pc=0x00007fb9e7aa365a]
GC Heap History (0 events):
No events

Dll operation events (1 events):
Event: 0.002 Loaded shared library /usr/local/sdkman/candidates/java/21.0.3-ms/lib/libjava.so

Deoptimization events (0 events):
No events

Classes loaded (0 events):
No events

Classes unloaded (0 events):
No events

Classes redefined (0 events):
No events

Internal exceptions (0 events):
No events

ZGC Phase Switch (0 events):
No events

VM Operations (0 events):
No events

Events (1 events):
Event: 0.002 Protecting memory [0x00007fb9e6a9b000,0x00007fb9e6a9f000] with protection modes 0


Dynamic libraries:
6023b10ea000-6023b10eb000 r-xp 00000000 07:03 1079170                    /usr/local/sdkman/candidates/java/21.0.3-ms/bin/java
6023b10ec000-6023b10ed000 r--p 00001000 07:03 1079170                    /usr/local/sdkman/candidates/java/21.0.3-ms/bin/java
6023b10ed000-6023b10ee000 rw-p 00002000 07:03 1079170                    /usr/local/sdkman/candidates/java/21.0.3-ms/bin/java
6023b1deb000-6023b1e31000 rw-p 00000000 00:00 0                          [heap]
7fb190000000-7fb190021000 rw-p 00000000 00:00 0 
7fb190021000-7fb194000000 ---p 00000000 00:00 0 
7fb198000000-7fb198021000 rw-p 00000000 00:00 0 
7fb198021000-7fb19c000000 ---p 00000000 00:00 0 
7fb19c000000-7fb19c021000 rw-p 00000000 00:00 0 
7fb19c021000-7fb1c8000000 ---p 00000000 00:00 0 
7fb3c8000000-7fb9c8000000 ---p 00000000 00:00 0 
7fb9c834d000-7fb9c88af000 rw-p 00000000 00:00 0 
7fb9c88af000-7fb9c8b1f000 rwxp 00000000 00:00 0 
7fb9c8b1f000-7fb9cfde7000 ---p 00000000 00:00 0 
7fb9cfde7000-7fb9d0057000 rwxp 00000000 00:00 0 
7fb9d0057000-7fb9d0376000 ---p 00000000 00:00 0 
7fb9d0376000-7fb9d05e6000 rwxp 00000000 00:00 0 
7fb9d05e6000-7fb9d78af000 ---p 00000000 00:00 0 
7fb9d78af000-7fb9e0000000 r--s 00000000 07:03 1079656                    /usr/local/sdkman/candidates/java/21.0.3-ms/lib/modules
7fb9e0000000-7fb9e007d000 rw-p 00000000 00:00 0 
7fb9e007d000-7fb9e4000000 ---p 00000000 00:00 0 
7fb9e408b000-7fb9e618c000 rw-p 00000000 00:00 0 
7fb9e618c000-7fb9e618d000 ---p 00000000 00:00 0 
7fb9e618d000-7fb9e628d000 rw-p 00000000 00:00 0 
7fb9e628d000-7fb9e628e000 ---p 00000000 00:00 0 
7fb9e628e000-7fb9e638e000 rw-p 00000000 00:00 0 
7fb9e638e000-7fb9e638f000 ---p 00000000 00:00 0 
7fb9e638f000-7fb9e685d000 rw-p 00000000 00:00 0 
7fb9e685d000-7fb9e6943000 ---p 00000000 00:00 0 
7fb9e6943000-7fb9e6948000 rw-p 00000000 00:00 0 
7fb9e6948000-7fb9e6a2e000 ---p 00000000 00:00 0 
7fb9e6a2e000-7fb9e6a33000 rw-p 00000000 00:00 0 
7fb9e6a33000-7fb9e6a3a000 ---p 00000000 00:00 0 
7fb9e6a3a000-7fb9e6a5a000 r-xp 00000000 07:03 1079631                    /usr/local/sdkman/candidates/java/21.0.3-ms/lib/libjava.so
7fb9e6a5a000-7fb9e6a5b000 ---p 00020000 07:03 1079631                    /usr/local/sdkman/candidates/java/21.0.3-ms/lib/libjava.so
7fb9e6a5b000-7fb9e6a5c000 r--p 00020000 07:03 1079631                    /usr/local/sdkman/candidates/java/21.0.3-ms/lib/libjava.so
7fb9e6a5c000-7fb9e6a5d000 rw-p 00021000 07:03 1079631                    /usr/local/sdkman/candidates/java/21.0.3-ms/lib/libjava.so
7fb9e6a5d000-7fb9e6a5e000 rw-p 00000000 00:00 0 
7fb9e6a5e000-7fb9e6a61000 r--p 00000000 07:03 790056                     /usr/lib/x86_64-linux-gnu/libnss_files-2.31.so
7fb9e6a61000-7fb9e6a68000 r-xp 00003000 07:03 790056                     /usr/lib/x86_64-linux-gnu/libnss_files-2.31.so
7fb9e6a68000-7fb9e6a6a000 r--p 0000a000 07:03 790056                     /usr/lib/x86_64-linux-gnu/libnss_files-2.31.so
7fb9e6a6a000-7fb9e6a6b000 r--p 0000b000 07:03 790056                     /usr/lib/x86_64-linux-gnu/libnss_files-2.31.so
7fb9e6a6b000-7fb9e6a6c000 rw-p 0000c000 07:03 790056                     /usr/lib/x86_64-linux-gnu/libnss_files-2.31.so
7fb9e6a6c000-7fb9e6a72000 rw-p 00000000 00:00 0 
7fb9e6a7c000-7fb9e6a97000 r-xp 00000000 07:03 1079635                    /usr/local/sdkman/candidates/java/21.0.3-ms/lib/libjimage.so
7fb9e6a97000-7fb9e6a98000 ---p 0001b000 07:03 1079635                    /usr/local/sdkman/candidates/java/21.0.3-ms/lib/libjimage.so
7fb9e6a98000-7fb9e6a9a000 r--p 0001b000 07:03 1079635                    /usr/local/sdkman/candidates/java/21.0.3-ms/lib/libjimage.so
7fb9e6a9a000-7fb9e6a9b000 rw-p 0001d000 07:03 1079635                    /usr/local/sdkman/candidates/java/21.0.3-ms/lib/libjimage.so
7fb9e6a9b000-7fb9e6a9f000 ---p 00000000 00:00 0 
7fb9e6a9f000-7fb9e6b9c000 rw-p 00000000 00:00 0 
7fb9e6b9c000-7fb9e6ba9000 r--p 00000000 07:03 790045                     /usr/lib/x86_64-linux-gnu/libm-2.31.so
7fb9e6ba9000-7fb9e6c50000 r-xp 0000d000 07:03 790045                     /usr/lib/x86_64-linux-gnu/libm-2.31.so
7fb9e6c50000-7fb9e6ce9000 r--p 000b4000 07:03 790045                     /usr/lib/x86_64-linux-gnu/libm-2.31.so
7fb9e6ce9000-7fb9e6cea000 r--p 0014c000 07:03 790045                     /usr/lib/x86_64-linux-gnu/libm-2.31.so
7fb9e6cea000-7fb9e6ceb000 rw-p 0014d000 07:03 790045                     /usr/lib/x86_64-linux-gnu/libm-2.31.so
7fb9e6ceb000-7fb9e6ced000 r--p 00000000 07:03 790069                     /usr/lib/x86_64-linux-gnu/librt-2.31.so
7fb9e6ced000-7fb9e6cf1000 r-xp 00002000 07:03 790069                     /usr/lib/x86_64-linux-gnu/librt-2.31.so
7fb9e6cf1000-7fb9e6cf3000 r--p 00006000 07:03 790069                     /usr/lib/x86_64-linux-gnu/librt-2.31.so
7fb9e6cf3000-7fb9e6cf4000 r--p 00007000 07:03 790069                     /usr/lib/x86_64-linux-gnu/librt-2.31.so
7fb9e6cf4000-7fb9e6cf5000 rw-p 00008000 07:03 790069                     /usr/lib/x86_64-linux-gnu/librt-2.31.so
7fb9e6cf5000-7fb9e8106000 r-xp 00000000 07:03 1079668                    /usr/local/sdkman/candidates/java/21.0.3-ms/lib/server/libjvm.so
7fb9e8106000-7fb9e81d7000 r--p 01410000 07:03 1079668                    /usr/local/sdkman/candidates/java/21.0.3-ms/lib/server/libjvm.so
7fb9e81d7000-7fb9e8207000 rw-p 014e1000 07:03 1079668                    /usr/local/sdkman/candidates/java/21.0.3-ms/lib/server/libjvm.so
7fb9e8207000-7fb9e826f000 rw-p 00000000 00:00 0 
7fb9e826f000-7fb9e8291000 r--p 00000000 07:03 790041                     /usr/lib/x86_64-linux-gnu/libc-2.31.so
7fb9e8291000-7fb9e8409000 r-xp 00022000 07:03 790041                     /usr/lib/x86_64-linux-gnu/libc-2.31.so
7fb9e8409000-7fb9e8457000 r--p 0019a000 07:03 790041                     /usr/lib/x86_64-linux-gnu/libc-2.31.so
7fb9e8457000-7fb9e845b000 r--p 001e7000 07:03 790041                     /usr/lib/x86_64-linux-gnu/libc-2.31.so
7fb9e845b000-7fb9e845d000 rw-p 001eb000 07:03 790041                     /usr/lib/x86_64-linux-gnu/libc-2.31.so
7fb9e845d000-7fb9e8461000 rw-p 00000000 00:00 0 
7fb9e8461000-7fb9e8462000 r--p 00000000 07:03 790043                     /usr/lib/x86_64-linux-gnu/libdl-2.31.so
7fb9e8462000-7fb9e8464000 r-xp 00001000 07:03 790043                     /usr/lib/x86_64-linux-gnu/libdl-2.31.so
7fb9e8464000-7fb9e8465000 r--p 00003000 07:03 790043                     /usr/lib/x86_64-linux-gnu/libdl-2.31.so
7fb9e8465000-7fb9e8466000 r--p 00003000 07:03 790043                     /usr/lib/x86_64-linux-gnu/libdl-2.31.so
7fb9e8466000-7fb9e8467000 rw-p 00004000 07:03 790043                     /usr/lib/x86_64-linux-gnu/libdl-2.31.so
7fb9e8467000-7fb9e846d000 r--p 00000000 07:03 790065                     /usr/lib/x86_64-linux-gnu/libpthread-2.31.so
7fb9e846d000-7fb9e847e000 r-xp 00006000 07:03 790065                     /usr/lib/x86_64-linux-gnu/libpthread-2.31.so
7fb9e847e000-7fb9e8484000 r--p 00017000 07:03 790065                     /usr/lib/x86_64-linux-gnu/libpthread-2.31.so
7fb9e8484000-7fb9e8485000 r--p 0001c000 07:03 790065                     /usr/lib/x86_64-linux-gnu/libpthread-2.31.so
7fb9e8485000-7fb9e8486000 rw-p 0001d000 07:03 790065                     /usr/lib/x86_64-linux-gnu/libpthread-2.31.so
7fb9e8486000-7fb9e848a000 rw-p 00000000 00:00 0 
7fb9e848a000-7fb9e8498000 r-xp 00000000 07:03 1079636                    /usr/local/sdkman/candidates/java/21.0.3-ms/lib/libjli.so
7fb9e8498000-7fb9e8499000 ---p 0000e000 07:03 1079636                    /usr/local/sdkman/candidates/java/21.0.3-ms/lib/libjli.so
7fb9e8499000-7fb9e849a000 r--p 0000e000 07:03 1079636                    /usr/local/sdkman/candidates/java/21.0.3-ms/lib/libjli.so
7fb9e849a000-7fb9e849b000 rw-p 0000f000 07:03 1079636                    /usr/local/sdkman/candidates/java/21.0.3-ms/lib/libjli.so
7fb9e849b000-7fb9e849d000 r--p 00000000 07:03 787500                     /usr/lib/x86_64-linux-gnu/libz.so.1.2.11
7fb9e849d000-7fb9e84ae000 r-xp 00002000 07:03 787500                     /usr/lib/x86_64-linux-gnu/libz.so.1.2.11
7fb9e84ae000-7fb9e84b4000 r--p 00013000 07:03 787500                     /usr/lib/x86_64-linux-gnu/libz.so.1.2.11
7fb9e84b4000-7fb9e84b5000 ---p 00019000 07:03 787500                     /usr/lib/x86_64-linux-gnu/libz.so.1.2.11
7fb9e84b5000-7fb9e84b6000 r--p 00019000 07:03 787500                     /usr/lib/x86_64-linux-gnu/libz.so.1.2.11
7fb9e84b6000-7fb9e84b7000 rw-p 0001a000 07:03 787500                     /usr/lib/x86_64-linux-gnu/libz.so.1.2.11
7fb9e84b7000-7fb9e84bf000 rw-s 00000000 08:11 2490387                    /tmp/hsperfdata_codespace/38012
7fb9e84bf000-7fb9e84c0000 ---p 00000000 00:00 0 
7fb9e84c0000-7fb9e84c1000 r--p 00000000 00:00 0 
7fb9e84c1000-7fb9e84c3000 rw-p 00000000 00:00 0 
7fb9e84c3000-7fb9e84c4000 r--p 00000000 07:03 790034                     /usr/lib/x86_64-linux-gnu/ld-2.31.so
7fb9e84c4000-7fb9e84e7000 r-xp 00001000 07:03 790034                     /usr/lib/x86_64-linux-gnu/ld-2.31.so
7fb9e84e7000-7fb9e84ef000 r--p 00024000 07:03 790034                     /usr/lib/x86_64-linux-gnu/ld-2.31.so
7fb9e84ef000-7fb9e84f0000 ---p 00000000 00:00 0 
7fb9e84f0000-7fb9e84f1000 r--p 0002c000 07:03 790034                     /usr/lib/x86_64-linux-gnu/ld-2.31.so
7fb9e84f1000-7fb9e84f2000 rw-p 0002d000 07:03 790034                     /usr/lib/x86_64-linux-gnu/ld-2.31.so
7fb9e84f2000-7fb9e84f3000 rw-p 00000000 00:00 0 
7ffdd8bae000-7ffdd8bd0000 rw-p 00000000 00:00 0                          [stack]
7ffdd8bed000-7ffdd8bf1000 r--p 00000000 00:00 0                          [vvar]
7ffdd8bf1000-7ffdd8bf3000 r-xp 00000000 00:00 0                          [vdso]
ffffffffff600000-ffffffffff601000 --xp 00000000 00:00 0                  [vsyscall]
Total number of mappings: 106


VM Arguments:
jvm_args: -Xms8G -Xmx32G 
java_command: server.jar --nogui
java_class_path (initial): server.jar
Launcher Type: SUN_STANDARD

[Global flags]
     intx CICompilerCount                          = 2                                         {product} {ergonomic}
     uint ConcGCThreads                            = 1                                         {product} {ergonomic}
     uint G1ConcRefinementThreads                  = 2                                         {product} {ergonomic}
   size_t G1HeapRegionSize                         = 16777216                                  {product} {ergonomic}
    uintx GCDrainStackTargetSize                   = 64                                        {product} {ergonomic}
   size_t InitialHeapSize                          = 8589934592                                {product} {command line}
   size_t MarkStackSize                            = 4194304                                   {product} {ergonomic}
   size_t MaxHeapSize                              = 34359738368                               {product} {command line}
   size_t MinHeapDeltaBytes                        = 16777216                                  {product} {ergonomic}
   size_t MinHeapSize                              = 8589934592                                {product} {command line}
    uintx NonNMethodCodeHeapSize                   = 5826188                                {pd product} {ergonomic}
    uintx NonProfiledCodeHeapSize                  = 122916026                              {pd product} {ergonomic}
    uintx ProfiledCodeHeapSize                     = 122916026                              {pd product} {ergonomic}
    uintx ReservedCodeCacheSize                    = 251658240                              {pd product} {ergonomic}
     bool SegmentedCodeCache                       = true                                      {product} {ergonomic}
   size_t SoftMaxHeapSize                          = 34359738368                            {manageable} {ergonomic}
     bool UseG1GC                                  = true                                      {product} {ergonomic}

Logging:
Log output configuration:
 #0: stdout all=warning uptime,level,tags foldmultilines=false
 #1: stderr all=off uptime,level,tags foldmultilines=false

Environment Variables:
JAVA_HOME=/usr/local/sdkman/candidates/java/current
PATH=/usr/local/rvm/gems/ruby-3.2.4/bin:/usr/local/rvm/gems/ruby-3.2.4@global/bin:/usr/local/rvm/rubies/ruby-3.2.4/bin:/vscode/bin/linux-x64/5437499feb04f7a586f677b155b039bc2b3669eb/bin/remote-cli:/home/codespace/.local/bin:/home/codespace/.dotnet:/home/codespace/nvm/current/bin:/home/codespace/.php/current/bin:/home/codespace/.python/current/bin:/home/codespace/java/current/bin:/home/codespace/.ruby/current/bin:/home/codespace/.local/bin:/usr/local/python/current/bin:/usr/local/py-utils/bin:/usr/local/oryx:/usr/local/go/bin:/go/bin:/usr/local/sdkman/bin:/usr/local/sdkman/candidates/java/current/bin:/usr/local/sdkman/candidates/gradle/current/bin:/usr/local/sdkman/candidates/maven/current/bin:/usr/local/sdkman/candidates/ant/current/bin:/usr/local/rvm/gems/default/bin:/usr/local/rvm/gems/default@global/bin:/usr/local/rvm/rubies/default/bin:/usr/local/share/rbenv/bin:/usr/local/php/current/bin:/opt/conda/bin:/usr/local/nvs:/usr/local/share/nvm/versions/node/v20.14.0/bin:/usr/local/hugo/bin:/usr/local/sbin:/usr/local/bin:/usr/sbin:/usr/bin:/sbin:/bin:/usr/share/dotnet:/home/codespace/.dotnet/tools:/usr/local/rvm/bin
SHELL=/bin/bash
LANG=C.UTF-8
TERM=xterm-256color

Active Locale:
LC_ALL=C
LC_COLLATE=C
LC_CTYPE=C
LC_MESSAGES=C
LC_MONETARY=C
LC_NUMERIC=C
LC_TIME=C

Signal Handlers:
   SIGSEGV: crash_handler in libjvm.so, mask=11100100010111111101111111111110, flags=SA_RESTART|SA_SIGINFO, unblocked
    SIGBUS: crash_handler in libjvm.so, mask=11100100010111111101111111111110, flags=SA_RESTART|SA_SIGINFO, unblocked
    SIGFPE: crash_handler in libjvm.so, mask=11100100010111111101111111111110, flags=SA_RESTART|SA_SIGINFO, unblocked
   SIGPIPE: javaSignalHandler in libjvm.so, mask=11100100010111111101111111111110, flags=SA_RESTART|SA_SIGINFO, blocked
   SIGXFSZ: javaSignalHandler in libjvm.so, mask=11100100010111111101111111111110, flags=SA_RESTART|SA_SIGINFO, blocked
    SIGILL: crash_handler in libjvm.so, mask=11100100010111111101111111111110, flags=SA_RESTART|SA_SIGINFO, unblocked
   SIGUSR2: SR_handler in libjvm.so, mask=00000000000000000000000000000000, flags=SA_RESTART|SA_SIGINFO, blocked
    SIGHUP: SIG_DFL, mask=00000000000000000000000000000000, flags=none, blocked
    SIGINT: SIG_DFL, mask=00000000000000000000000000000000, flags=none, blocked
   SIGTERM: SIG_DFL, mask=00000000000000000000000000000000, flags=none, blocked
   SIGQUIT: UserHandler in libjvm.so, mask=11100100010111111101111111111110, flags=SA_RESTART|SA_SIGINFO, blocked
   SIGTRAP: crash_handler in libjvm.so, mask=11100100010111111101111111111110, flags=SA_RESTART|SA_SIGINFO, unblocked


Periodic native trim disabled

---------------  S Y S T E M  ---------------

OS:
DISTRIB_ID=Ubuntu
DISTRIB_RELEASE=20.04
DISTRIB_CODENAME=focal
DISTRIB_DESCRIPTION="Ubuntu 20.04.6 LTS"
uname: Linux 6.5.0-1022-azure #23~22.04.1-Ubuntu SMP Thu May  9 17:59:24 UTC 2024 x86_64
OS uptime: 0 days 1:22 hours
libc: glibc 2.31 NPTL 2.31 
rlimit (soft/hard): STACK 8192k/infinity , CORE infinity/infinity , NPROC infinity/infinity , NOFILE 1048576/1048576 , AS infinity/infinity , CPU infinity/infinity , DATA infinity/infinity , FSIZE infinity/infinity , MEMLOCK 8192k/8192k
load average: 0.20 0.42 0.42

/proc/meminfo:
MemTotal:        8119864 kB
MemFree:         4146232 kB
MemAvailable:    4875792 kB
Buffers:           43176 kB
Cached:           930600 kB
SwapCached:            0 kB
Active:          1016704 kB
Inactive:        2571328 kB
Active(anon):     887752 kB
Inactive(anon):  1807008 kB
Active(file):     128952 kB
Inactive(file):   764320 kB
Unevictable:       27868 kB
Mlocked:           27868 kB
SwapTotal:             0 kB
SwapFree:              0 kB
Zswap:                 0 kB
Zswapped:              0 kB
Dirty:               944 kB
Writeback:             0 kB
AnonPages:       2622640 kB
Mapped:           364640 kB
Shmem:             71388 kB
KReclaimable:     130276 kB
Slab:             205000 kB
SReclaimable:     130276 kB
SUnreclaim:        74724 kB
KernelStack:        9008 kB
PageTables:        33092 kB
SecPageTables:         0 kB
NFS_Unstable:          0 kB
Bounce:                0 kB
WritebackTmp:          0 kB
CommitLimit:     4059932 kB
Committed_AS:    5717132 kB
VmallocTotal:   34359738367 kB
VmallocUsed:       42888 kB
VmallocChunk:          0 kB
Percpu:             1096 kB
HardwareCorrupted:     0 kB
AnonHugePages:   1484800 kB
ShmemHugePages:        0 kB
ShmemPmdMapped:        0 kB
FileHugePages:         0 kB
FilePmdMapped:         0 kB
Unaccepted:            0 kB
HugePages_Total:       0
HugePages_Free:        0
HugePages_Rsvd:        0
HugePages_Surp:        0
Hugepagesize:       2048 kB
Hugetlb:               0 kB
DirectMap4k:      104384 kB
DirectMap2M:     4089856 kB
DirectMap1G:     6291456 kB

/sys/kernel/mm/transparent_hugepage/enabled: [always] madvise never
/sys/kernel/mm/transparent_hugepage/hpage_pmd_size: 2097152
/sys/kernel/mm/transparent_hugepage/defrag (defrag/compaction efforts parameter): always defer defer+madvise [madvise] never

Process Memory:
Virtual Size: 26543624K (peak: 34958460K)
Resident Set Size: 21336K (peak: 21336K) (anon: 7512K, file: 13824K, shmem: 0K)
Swapped out: 0K
C-Heap outstanding allocations: 10728K, retained: 603K (may have wrapped)
glibc malloc tunables: (default)

/proc/sys/kernel/threads-max (system-wide limit on the number of threads): 63387
/proc/sys/vm/max_map_count (maximum number of memory map areas a process may have): 65530
/proc/sys/kernel/pid_max (system-wide limit on number of process identifiers): 4194304

container (cgroup) information:
container_type: cgroupv2
cpu_cpuset_cpus: not supported
cpu_memory_nodes: not supported
active_processor_count: 2
cpu_quota: no quota
cpu_period: 100000
cpu_shares: no shares
memory_limit_in_bytes: unlimited
memory_and_swap_limit_in_bytes: unlimited
memory_soft_limit_in_bytes: unlimited
memory_usage_in_bytes: 2098128 k
memory_max_usage_in_bytes: not supported
memory_swap_current_in_bytes: unlimited
memory_swap_max_limit_in_bytes: unlimited
maximum number of tasks: unlimited
current number of tasks: 168

Hyper-V virtualization detected
Steal ticks since vm start: 0
Steal ticks percentage since vm start:  0.000

CPU: total 2 (initial active 2) (16 cores per cpu, 2 threads per core) family 25 model 1 stepping 1 microcode 0xffffffff, cx8, cmov, fxsr, ht, mmx, 3dnowpref, sse, sse2, sse3, ssse3, sse4a, sse4.1, sse4.2, popcnt, lzcnt, tsc, tscinvbit, avx, avx2, aes, erms, clmul, bmi1, bmi2, adx, sha, fma, vzeroupper, clflush, clflushopt, hv, rdtscp, rdpid, fsrm, f16c, cet_ss
CPU Model and flags from /proc/cpuinfo:
model name	: AMD EPYC 7763 64-Core Processor
flags		: fpu vme de pse tsc msr pae mce cx8 apic sep mtrr pge mca cmov pat pse36 clflush mmx fxsr sse sse2 ht syscall nx mmxext fxsr_opt pdpe1gb rdtscp lm constant_tsc rep_good nopl tsc_reliable nonstop_tsc cpuid extd_apicid aperfmperf pni pclmulqdq ssse3 fma cx16 pcid sse4_1 sse4_2 movbe popcnt aes xsave avx f16c rdrand hypervisor lahf_lm cmp_legacy svm cr8_legacy abm sse4a misalignsse 3dnowprefetch osvw topoext invpcid_single vmmcall fsgsbase bmi1 avx2 smep bmi2 erms invpcid rdseed adx smap clflushopt clwb sha_ni xsaveopt xsavec xgetbv1 xsaves clzero xsaveerptr rdpru arat npt nrip_save tsc_scale vmcb_clean flushbyasid decodeassists pausefilter pfthreshold v_vmsave_vmload umip vaes vpclmulqdq rdpid fsrm

Online cpus: 0-1
Offline cpus: 
BIOS frequency limitation: <Not Available>
Frequency switch latency (ns): <Not Available>
Available cpu frequencies: <Not Available>
Current governor: <Not Available>
Core performance/turbo boost: <Not Available>

Memory: 4k page, physical 8119864k(4875792k free), swap 0k(0k free)
Page Sizes: 4k

vm_info: OpenJDK 64-Bit Server VM (21.0.3+9-LTS) for linux-amd64 JRE (21.0.3+9-LTS), built on 2024-04-10T01:29:19Z by "MicrosoftCorporation" with gcc 11.3.0

END.
