#
# There is insufficient memory for the Java Runtime Environment to continue.
# Native memory allocation (mmap) failed to map 17179869184 bytes. Error detail: committing reserved memory.
# Possible reasons:
#   The system is out of physical RAM or swap space
# Possible solutions:
#   Reduce memory load on the system
#   Increase physical memory or swap space
#   Check if swap backing store is full
#   Decrease Java heap size (-Xmx/-Xms)
#   Decrease number of Java threads
#   Decrease Java thread stack sizes (-Xss)
#   Set larger code cache with -XX:ReservedCodeCacheSize=
# This output file may be truncated or incomplete.
#
#  Out of Memory Error (os_linux.cpp:2784), pid=47013, tid=47014
#
# JRE version:  (21.0.3+9) (build )
# Java VM: OpenJDK 64-Bit Server VM (21.0.3+9-LTS, mixed mode, sharing, tiered, compressed class ptrs, g1 gc, linux-amd64)
# Core dump will be written. Default location: Core dumps may be processed with "/usr/share/apport/apport -p%p -s%s -c%c -d%d -P%P -u%u -g%g -- %E" (or dumping to /workspaces/Panel/core.47013)
#

---------------  S U M M A R Y ------------

Command Line: -Xms16G -Xmx32G server.jar --nogui

Host: AMD EPYC 7763 64-Core Processor, 4 cores, 15G, Ubuntu 20.04.6 LTS
Time: Wed Jun 19 08:30:19 2024 UTC elapsed time: 0.004690 seconds (0d 0h 0m 0s)

---------------  T H R E A D  ---------------

Current thread (0x00007bc7f4027760):  JavaThread "Unknown thread" [_thread_in_vm, id=47014, stack(0x00007bc7fad3d000,0x00007bc7fae3e000) (1028K)]

Stack: [0x00007bc7fad3d000,0x00007bc7fae3e000],  sp=0x00007bc7fae3c4b0,  free space=1021k
Native frames: (J=compiled Java code, j=interpreted, Vv=VM code, C=native code)
V  [libjvm.so+0x10092e8]  VMError::report_and_die(int, char const*, char const*, __va_list_tag*, Thread*, unsigned char*, void*, void*, char const*, int, unsigned long)+0x2b8  (os_linux.cpp:2784)
V  [libjvm.so+0x1009cdd]
V  [libjvm.so+0x6b97bf]
V  [libjvm.so+0xd031b4]  os::pd_commit_memory_or_exit(char*, unsigned long, unsigned long, bool, char const*)+0xd4
V  [libjvm.so+0xcfc65d]  os::commit_memory_or_exit(char*, unsigned long, unsigned long, bool, char const*)+0x1d
V  [libjvm.so+0x811feb]  G1PageBasedVirtualSpace::commit(unsigned long, unsigned long)+0xfb
V  [libjvm.so+0x82847f]  G1RegionsLargerThanCommitSizeMapper::commit_regions(unsigned int, unsigned long, WorkerThreads*)+0x9f
V  [libjvm.so+0x8b8075]  HeapRegionManager::commit_regions(unsigned int, unsigned long, WorkerThreads*)+0x55
V  [libjvm.so+0x8b9ce2]  HeapRegionManager::expand(unsigned int, unsigned int, WorkerThreads*)+0x32
V  [libjvm.so+0x8b9f0e]  HeapRegionManager::expand_by(unsigned int, WorkerThreads*)+0x7e
V  [libjvm.so+0x7cc6cf]  G1CollectedHeap::expand(unsigned long, WorkerThreads*, double*)+0xff
V  [libjvm.so+0x7ccce4]  G1CollectedHeap::initialize()+0x5c4
V  [libjvm.so+0xfaa526]  universe_init()+0xd6
V  [libjvm.so+0x8d8a07]  init_globals()+0x37
V  [libjvm.so+0xf891f5]  Threads::create_vm(JavaVMInitArgs*, bool*)+0x2b5
V  [libjvm.so+0x9b442f]  JNI_CreateJavaVM+0x4f
C  [libjli.so+0x42cb]  JavaMain+0x8b
C  [libjli.so+0x7e49]  ThreadJavaMain+0x9

---------------  P R O C E S S  ---------------

Threads class SMR info:
_java_thread_list=0x00007bc7fc5009e0, length=0, elements={
}

Java Threads: ( => current thread )
Total: 0

Other Threads:
  0x00007bc7f4055230 WorkerThread "GC Thread#0"                     [id=47015, stack(0x00007bc7fa42f000,0x00007bc7fa52f000) (1024K)]
  0x00007bc7f4066820 ConcurrentGCThread "G1 Main Marker"            [id=47016, stack(0x00007bc7fa32e000,0x00007bc7fa42e000) (1024K)]
  0x00007bc7f40677c0 WorkerThread "G1 Conc#0"                       [id=47017, stack(0x00007bc7fa22d000,0x00007bc7fa32d000) (1024K)]

[error occurred during error reporting (printing all threads), id 0xb, SIGSEGV (0xb) at pc=0x00007bc7fb77c720]
VM state: not at safepoint (not fully initialized)

VM Mutex/Monitor currently owned by a thread:  ([mutex/lock_event])
[0x00007bc7fc4dad40] Heap_lock - owner thread: 0x00007bc7f4027760

CDS archive(s) mapped at: [0x0000000000000000-0x0000000000000000-0x0000000000000000), size 0, SharedBaseAddress: 0x0000000800000000, ArchiveRelocationMode: 1.
Narrow klass base: 0x0000000000000000, Narrow klass shift: 0, Narrow klass range: 0x0

GC Precious Log:
 CardTable entry size: 512
 Card Set container configuration: InlinePtr #cards 3 size 8 Array Of Cards #cards 128 size 272 Howl #buckets 8 coarsen threshold 29491 Howl Bitmap #cards 4096 size 528 coarsen threshold 3686 Card regions per heap region 1 cards per card region 32768

Heap:
 garbage-first heap   total 0K, used 0K [0x00007bbfdc000000, 0x00007bc7dc000000)
  region size 16384K, 0 young (0K), 0 survivors (0K)

[error occurred during error reporting (printing heap information), id 0xb, SIGSEGV (0xb) at pc=0x00007bc7fbd4565a]
GC Heap History (0 events):
No events

Dll operation events (1 events):
Event: 0.002 Loaded shared library /usr/local/sdkman/candidates/java/21.0.3-ms/lib/libjava.so

Deoptimization events (0 events):
No events

Classes loaded (0 events):
No events

Classes unloaded (0 events):
No events

Classes redefined (0 events):
No events

Internal exceptions (0 events):
No events

ZGC Phase Switch (0 events):
No events

VM Operations (0 events):
No events

Events (1 events):
Event: 0.001 Protecting memory [0x00007bc7fad3d000,0x00007bc7fad41000] with protection modes 0


Dynamic libraries:
5ea71b757000-5ea71b758000 r-xp 00000000 07:03 123071                     /usr/local/sdkman/candidates/java/21.0.3-ms/bin/java
5ea71b759000-5ea71b75a000 r--p 00001000 07:03 123071                     /usr/local/sdkman/candidates/java/21.0.3-ms/bin/java
5ea71b75a000-5ea71b75b000 rw-p 00002000 07:03 123071                     /usr/local/sdkman/candidates/java/21.0.3-ms/bin/java
5ea71bcfa000-5ea71bd40000 rw-p 00000000 00:00 0                          [heap]
7bbfa4000000-7bbfa4021000 rw-p 00000000 00:00 0 
7bbfa4021000-7bbfa8000000 ---p 00000000 00:00 0 
7bbfac000000-7bbfac021000 rw-p 00000000 00:00 0 
7bbfac021000-7bbfb0000000 ---p 00000000 00:00 0 
7bbfb0000000-7bbfb0021000 rw-p 00000000 00:00 0 
7bbfb0021000-7bbfdc000000 ---p 00000000 00:00 0 
7bc3dc000000-7bc7dc000000 ---p 00000000 00:00 0 
7bc7dc24c000-7bc7dc8af000 rw-p 00000000 00:00 0 
7bc7dc8af000-7bc7dcb1f000 rwxp 00000000 00:00 0 
7bc7dcb1f000-7bc7e3de6000 ---p 00000000 00:00 0 
7bc7e3de6000-7bc7e4056000 rwxp 00000000 00:00 0 
7bc7e4056000-7bc7e4377000 ---p 00000000 00:00 0 
7bc7e4377000-7bc7e45e7000 rwxp 00000000 00:00 0 
7bc7e45e7000-7bc7eb8af000 ---p 00000000 00:00 0 
7bc7eb8af000-7bc7f4000000 r--s 00000000 07:03 123557                     /usr/local/sdkman/candidates/java/21.0.3-ms/lib/modules
7bc7f4000000-7bc7f4086000 rw-p 00000000 00:00 0 
7bc7f4086000-7bc7f8000000 ---p 00000000 00:00 0 
7bc7f802a000-7bc7fa22c000 rw-p 00000000 00:00 0 
7bc7fa22c000-7bc7fa22d000 ---p 00000000 00:00 0 
7bc7fa22d000-7bc7fa32d000 rw-p 00000000 00:00 0 
7bc7fa32d000-7bc7fa32e000 ---p 00000000 00:00 0 
7bc7fa32e000-7bc7fa42e000 rw-p 00000000 00:00 0 
7bc7fa42e000-7bc7fa42f000 ---p 00000000 00:00 0 
7bc7fa42f000-7bc7faaff000 rw-p 00000000 00:00 0 
7bc7faaff000-7bc7fabe5000 ---p 00000000 00:00 0 
7bc7fabe5000-7bc7fabea000 rw-p 00000000 00:00 0 
7bc7fabea000-7bc7facd0000 ---p 00000000 00:00 0 
7bc7facd0000-7bc7facd5000 rw-p 00000000 00:00 0 
7bc7facd5000-7bc7facdc000 ---p 00000000 00:00 0 
7bc7facdc000-7bc7facfc000 r-xp 00000000 07:03 123532                     /usr/local/sdkman/candidates/java/21.0.3-ms/lib/libjava.so
7bc7facfc000-7bc7facfd000 ---p 00020000 07:03 123532                     /usr/local/sdkman/candidates/java/21.0.3-ms/lib/libjava.so
7bc7facfd000-7bc7facfe000 r--p 00020000 07:03 123532                     /usr/local/sdkman/candidates/java/21.0.3-ms/lib/libjava.so
7bc7facfe000-7bc7facff000 rw-p 00021000 07:03 123532                     /usr/local/sdkman/candidates/java/21.0.3-ms/lib/libjava.so
7bc7facff000-7bc7fad00000 rw-p 00000000 00:00 0 
7bc7fad00000-7bc7fad03000 r--p 00000000 07:03 1052200                    /usr/lib/x86_64-linux-gnu/libnss_files-2.31.so
7bc7fad03000-7bc7fad0a000 r-xp 00003000 07:03 1052200                    /usr/lib/x86_64-linux-gnu/libnss_files-2.31.so
7bc7fad0a000-7bc7fad0c000 r--p 0000a000 07:03 1052200                    /usr/lib/x86_64-linux-gnu/libnss_files-2.31.so
7bc7fad0c000-7bc7fad0d000 r--p 0000b000 07:03 1052200                    /usr/lib/x86_64-linux-gnu/libnss_files-2.31.so
7bc7fad0d000-7bc7fad0e000 rw-p 0000c000 07:03 1052200                    /usr/lib/x86_64-linux-gnu/libnss_files-2.31.so
7bc7fad0e000-7bc7fad14000 rw-p 00000000 00:00 0 
7bc7fad1e000-7bc7fad39000 r-xp 00000000 07:03 123536                     /usr/local/sdkman/candidates/java/21.0.3-ms/lib/libjimage.so
7bc7fad39000-7bc7fad3a000 ---p 0001b000 07:03 123536                     /usr/local/sdkman/candidates/java/21.0.3-ms/lib/libjimage.so
7bc7fad3a000-7bc7fad3c000 r--p 0001b000 07:03 123536                     /usr/local/sdkman/candidates/java/21.0.3-ms/lib/libjimage.so
7bc7fad3c000-7bc7fad3d000 rw-p 0001d000 07:03 123536                     /usr/local/sdkman/candidates/java/21.0.3-ms/lib/libjimage.so
7bc7fad3d000-7bc7fad41000 ---p 00000000 00:00 0 
7bc7fad41000-7bc7fae3e000 rw-p 00000000 00:00 0 
7bc7fae3e000-7bc7fae4b000 r--p 00000000 07:03 1052189                    /usr/lib/x86_64-linux-gnu/libm-2.31.so
7bc7fae4b000-7bc7faef2000 r-xp 0000d000 07:03 1052189                    /usr/lib/x86_64-linux-gnu/libm-2.31.so
7bc7faef2000-7bc7faf8b000 r--p 000b4000 07:03 1052189                    /usr/lib/x86_64-linux-gnu/libm-2.31.so
7bc7faf8b000-7bc7faf8c000 r--p 0014c000 07:03 1052189                    /usr/lib/x86_64-linux-gnu/libm-2.31.so
7bc7faf8c000-7bc7faf8d000 rw-p 0014d000 07:03 1052189                    /usr/lib/x86_64-linux-gnu/libm-2.31.so
7bc7faf8d000-7bc7faf8f000 r--p 00000000 07:03 1052213                    /usr/lib/x86_64-linux-gnu/librt-2.31.so
7bc7faf8f000-7bc7faf93000 r-xp 00002000 07:03 1052213                    /usr/lib/x86_64-linux-gnu/librt-2.31.so
7bc7faf93000-7bc7faf95000 r--p 00006000 07:03 1052213                    /usr/lib/x86_64-linux-gnu/librt-2.31.so
7bc7faf95000-7bc7faf96000 r--p 00007000 07:03 1052213                    /usr/lib/x86_64-linux-gnu/librt-2.31.so
7bc7faf96000-7bc7faf97000 rw-p 00008000 07:03 1052213                    /usr/lib/x86_64-linux-gnu/librt-2.31.so
7bc7faf97000-7bc7fc3a8000 r-xp 00000000 07:03 123569                     /usr/local/sdkman/candidates/java/21.0.3-ms/lib/server/libjvm.so
7bc7fc3a8000-7bc7fc479000 r--p 01410000 07:03 123569                     /usr/local/sdkman/candidates/java/21.0.3-ms/lib/server/libjvm.so
7bc7fc479000-7bc7fc4a9000 rw-p 014e1000 07:03 123569                     /usr/local/sdkman/candidates/java/21.0.3-ms/lib/server/libjvm.so
7bc7fc4a9000-7bc7fc511000 rw-p 00000000 00:00 0 
7bc7fc511000-7bc7fc533000 r--p 00000000 07:03 1052185                    /usr/lib/x86_64-linux-gnu/libc-2.31.so
7bc7fc533000-7bc7fc6ab000 r-xp 00022000 07:03 1052185                    /usr/lib/x86_64-linux-gnu/libc-2.31.so
7bc7fc6ab000-7bc7fc6f9000 r--p 0019a000 07:03 1052185                    /usr/lib/x86_64-linux-gnu/libc-2.31.so
7bc7fc6f9000-7bc7fc6fd000 r--p 001e7000 07:03 1052185                    /usr/lib/x86_64-linux-gnu/libc-2.31.so
7bc7fc6fd000-7bc7fc6ff000 rw-p 001eb000 07:03 1052185                    /usr/lib/x86_64-linux-gnu/libc-2.31.so
7bc7fc6ff000-7bc7fc703000 rw-p 00000000 00:00 0 
7bc7fc703000-7bc7fc704000 r--p 00000000 07:03 1052187                    /usr/lib/x86_64-linux-gnu/libdl-2.31.so
7bc7fc704000-7bc7fc706000 r-xp 00001000 07:03 1052187                    /usr/lib/x86_64-linux-gnu/libdl-2.31.so
7bc7fc706000-7bc7fc707000 r--p 00003000 07:03 1052187                    /usr/lib/x86_64-linux-gnu/libdl-2.31.so
7bc7fc707000-7bc7fc708000 r--p 00003000 07:03 1052187                    /usr/lib/x86_64-linux-gnu/libdl-2.31.so
7bc7fc708000-7bc7fc709000 rw-p 00004000 07:03 1052187                    /usr/lib/x86_64-linux-gnu/libdl-2.31.so
7bc7fc709000-7bc7fc70f000 r--p 00000000 07:03 1052209                    /usr/lib/x86_64-linux-gnu/libpthread-2.31.so
7bc7fc70f000-7bc7fc720000 r-xp 00006000 07:03 1052209                    /usr/lib/x86_64-linux-gnu/libpthread-2.31.so
7bc7fc720000-7bc7fc726000 r--p 00017000 07:03 1052209                    /usr/lib/x86_64-linux-gnu/libpthread-2.31.so
7bc7fc726000-7bc7fc727000 r--p 0001c000 07:03 1052209                    /usr/lib/x86_64-linux-gnu/libpthread-2.31.so
7bc7fc727000-7bc7fc728000 rw-p 0001d000 07:03 1052209                    /usr/lib/x86_64-linux-gnu/libpthread-2.31.so
7bc7fc728000-7bc7fc72c000 rw-p 00000000 00:00 0 
7bc7fc72c000-7bc7fc73a000 r-xp 00000000 07:03 123537                     /usr/local/sdkman/candidates/java/21.0.3-ms/lib/libjli.so
7bc7fc73a000-7bc7fc73b000 ---p 0000e000 07:03 123537                     /usr/local/sdkman/candidates/java/21.0.3-ms/lib/libjli.so
7bc7fc73b000-7bc7fc73c000 r--p 0000e000 07:03 123537                     /usr/local/sdkman/candidates/java/21.0.3-ms/lib/libjli.so
7bc7fc73c000-7bc7fc73d000 rw-p 0000f000 07:03 123537                     /usr/local/sdkman/candidates/java/21.0.3-ms/lib/libjli.so
7bc7fc73d000-7bc7fc73f000 r--p 00000000 07:03 1049644                    /usr/lib/x86_64-linux-gnu/libz.so.1.2.11
7bc7fc73f000-7bc7fc750000 r-xp 00002000 07:03 1049644                    /usr/lib/x86_64-linux-gnu/libz.so.1.2.11
7bc7fc750000-7bc7fc756000 r--p 00013000 07:03 1049644                    /usr/lib/x86_64-linux-gnu/libz.so.1.2.11
7bc7fc756000-7bc7fc757000 ---p 00019000 07:03 1049644                    /usr/lib/x86_64-linux-gnu/libz.so.1.2.11
7bc7fc757000-7bc7fc758000 r--p 00019000 07:03 1049644                    /usr/lib/x86_64-linux-gnu/libz.so.1.2.11
7bc7fc758000-7bc7fc759000 rw-p 0001a000 07:03 1049644                    /usr/lib/x86_64-linux-gnu/libz.so.1.2.11
7bc7fc759000-7bc7fc761000 rw-s 00000000 08:11 4456456                    /tmp/hsperfdata_codespace/47013
7bc7fc761000-7bc7fc762000 ---p 00000000 00:00 0 
7bc7fc762000-7bc7fc763000 r--p 00000000 00:00 0 
7bc7fc763000-7bc7fc765000 rw-p 00000000 00:00 0 
7bc7fc765000-7bc7fc766000 r--p 00000000 07:03 1052178                    /usr/lib/x86_64-linux-gnu/ld-2.31.so
7bc7fc766000-7bc7fc789000 r-xp 00001000 07:03 1052178                    /usr/lib/x86_64-linux-gnu/ld-2.31.so
7bc7fc789000-7bc7fc791000 r--p 00024000 07:03 1052178                    /usr/lib/x86_64-linux-gnu/ld-2.31.so
7bc7fc791000-7bc7fc792000 ---p 00000000 00:00 0 
7bc7fc792000-7bc7fc793000 r--p 0002c000 07:03 1052178                    /usr/lib/x86_64-linux-gnu/ld-2.31.so
7bc7fc793000-7bc7fc794000 rw-p 0002d000 07:03 1052178                    /usr/lib/x86_64-linux-gnu/ld-2.31.so
7bc7fc794000-7bc7fc795000 rw-p 00000000 00:00 0 
7ffc2d223000-7ffc2d245000 rw-p 00000000 00:00 0                          [stack]
7ffc2d2b8000-7ffc2d2bc000 r--p 00000000 00:00 0                          [vvar]
7ffc2d2bc000-7ffc2d2be000 r-xp 00000000 00:00 0                          [vdso]
ffffffffff600000-ffffffffff601000 --xp 00000000 00:00 0                  [vsyscall]
Total number of mappings: 106


VM Arguments:
jvm_args: -Xms16G -Xmx32G 
java_command: server.jar --nogui
java_class_path (initial): server.jar
Launcher Type: SUN_STANDARD

[Global flags]
     intx CICompilerCount                          = 3                                         {product} {ergonomic}
     uint ConcGCThreads                            = 1                                         {product} {ergonomic}
     uint G1ConcRefinementThreads                  = 4                                         {product} {ergonomic}
   size_t G1HeapRegionSize                         = 16777216                                  {product} {ergonomic}
    uintx GCDrainStackTargetSize                   = 64                                        {product} {ergonomic}
   size_t InitialHeapSize                          = 17179869184                               {product} {command line}
   size_t MarkStackSize                            = 4194304                                   {product} {ergonomic}
   size_t MaxHeapSize                              = 34359738368                               {product} {command line}
   size_t MinHeapDeltaBytes                        = 16777216                                  {product} {ergonomic}
   size_t MinHeapSize                              = 17179869184                               {product} {command line}
    uintx NonNMethodCodeHeapSize                   = 5832780                                {pd product} {ergonomic}
    uintx NonProfiledCodeHeapSize                  = 122912730                              {pd product} {ergonomic}
    uintx ProfiledCodeHeapSize                     = 122912730                              {pd product} {ergonomic}
    uintx ReservedCodeCacheSize                    = 251658240                              {pd product} {ergonomic}
     bool SegmentedCodeCache                       = true                                      {product} {ergonomic}
   size_t SoftMaxHeapSize                          = 34359738368                            {manageable} {ergonomic}
     bool UseG1GC                                  = true                                      {product} {ergonomic}

Logging:
Log output configuration:
 #0: stdout all=warning uptime,level,tags foldmultilines=false
 #1: stderr all=off uptime,level,tags foldmultilines=false

Environment Variables:
JAVA_HOME=/usr/local/sdkman/candidates/java/current
PATH=/usr/local/rvm/gems/ruby-3.2.4/bin:/usr/local/rvm/gems/ruby-3.2.4@global/bin:/usr/local/rvm/rubies/ruby-3.2.4/bin:/vscode/bin/linux-x64/611f9bfce64f25108829dd295f54a6894e87339d/bin/remote-cli:/home/codespace/.local/bin:/home/codespace/.dotnet:/home/codespace/nvm/current/bin:/home/codespace/.php/current/bin:/home/codespace/.python/current/bin:/home/codespace/java/current/bin:/home/codespace/.ruby/current/bin:/home/codespace/.local/bin:/usr/local/python/current/bin:/usr/local/py-utils/bin:/usr/local/oryx:/usr/local/go/bin:/go/bin:/usr/local/sdkman/bin:/usr/local/sdkman/candidates/java/current/bin:/usr/local/sdkman/candidates/gradle/current/bin:/usr/local/sdkman/candidates/maven/current/bin:/usr/local/sdkman/candidates/ant/current/bin:/usr/local/rvm/gems/default/bin:/usr/local/rvm/gems/default@global/bin:/usr/local/rvm/rubies/default/bin:/usr/local/share/rbenv/bin:/usr/local/php/current/bin:/opt/conda/bin:/usr/local/nvs:/usr/local/share/nvm/versions/node/v20.14.0/bin:/usr/local/hugo/bin:/usr/local/sbin:/usr/local/bin:/usr/sbin:/usr/bin:/sbin:/bin:/usr/share/dotnet:/home/codespace/.dotnet/tools:/usr/local/rvm/bin
SHELL=/bin/bash
LANG=C.UTF-8
TERM=xterm-256color

Active Locale:
LC_ALL=C
LC_COLLATE=C
LC_CTYPE=C
LC_MESSAGES=C
LC_MONETARY=C
LC_NUMERIC=C
LC_TIME=C

Signal Handlers:
   SIGSEGV: crash_handler in libjvm.so, mask=11100100010111111101111111111110, flags=SA_RESTART|SA_SIGINFO, unblocked
    SIGBUS: crash_handler in libjvm.so, mask=11100100010111111101111111111110, flags=SA_RESTART|SA_SIGINFO, unblocked
    SIGFPE: crash_handler in libjvm.so, mask=11100100010111111101111111111110, flags=SA_RESTART|SA_SIGINFO, unblocked
   SIGPIPE: javaSignalHandler in libjvm.so, mask=11100100010111111101111111111110, flags=SA_RESTART|SA_SIGINFO, blocked
   SIGXFSZ: javaSignalHandler in libjvm.so, mask=11100100010111111101111111111110, flags=SA_RESTART|SA_SIGINFO, blocked
    SIGILL: crash_handler in libjvm.so, mask=11100100010111111101111111111110, flags=SA_RESTART|SA_SIGINFO, unblocked
   SIGUSR2: SR_handler in libjvm.so, mask=00000000000000000000000000000000, flags=SA_RESTART|SA_SIGINFO, blocked
    SIGHUP: SIG_DFL, mask=00000000000000000000000000000000, flags=none, blocked
    SIGINT: SIG_DFL, mask=00000000000000000000000000000000, flags=none, blocked
   SIGTERM: SIG_DFL, mask=00000000000000000000000000000000, flags=none, blocked
   SIGQUIT: UserHandler in libjvm.so, mask=11100100010111111101111111111110, flags=SA_RESTART|SA_SIGINFO, blocked
   SIGTRAP: crash_handler in libjvm.so, mask=11100100010111111101111111111110, flags=SA_RESTART|SA_SIGINFO, unblocked


Periodic native trim disabled

---------------  S Y S T E M  ---------------

OS:
DISTRIB_ID=Ubuntu
DISTRIB_RELEASE=20.04
DISTRIB_CODENAME=focal
DISTRIB_DESCRIPTION="Ubuntu 20.04.6 LTS"
uname: Linux 6.5.0-1021-azure #22~22.04.1-Ubuntu SMP Tue Apr 30 16:08:18 UTC 2024 x86_64
OS uptime: 0 days 1:27 hours
libc: glibc 2.31 NPTL 2.31 
rlimit (soft/hard): STACK 8192k/infinity , CORE infinity/infinity , NPROC infinity/infinity , NOFILE 1048576/1048576 , AS infinity/infinity , CPU infinity/infinity , DATA infinity/infinity , FSIZE infinity/infinity , MEMLOCK 8192k/8192k
load average: 0.36 0.25 0.20

/proc/meminfo:
MemTotal:       16364604 kB
MemFree:         5310248 kB
MemAvailable:   14540576 kB
Buffers:          151256 kB
Cached:          9156752 kB
SwapCached:            0 kB
Active:          2064932 kB
Inactive:        8378512 kB
Active(anon):    1213536 kB
Inactive(anon):        0 kB
Active(file):     851396 kB
Inactive(file):  8378512 kB
Unevictable:       27824 kB
Mlocked:           27824 kB
SwapTotal:             0 kB
SwapFree:              0 kB
Zswap:                 0 kB
Zswapped:              0 kB
Dirty:               380 kB
Writeback:             0 kB
AnonPages:       1117436 kB
Mapped:           529988 kB
Shmem:             68800 kB
KReclaimable:     346040 kB
Slab:             443092 kB
SReclaimable:     346040 kB
SUnreclaim:        97052 kB
KernelStack:        7136 kB
PageTables:        15008 kB
SecPageTables:         0 kB
NFS_Unstable:          0 kB
Bounce:                0 kB
WritebackTmp:          0 kB
CommitLimit:     8182300 kB
Committed_AS:    3699720 kB
VmallocTotal:   34359738367 kB
VmallocUsed:       40604 kB
VmallocChunk:          0 kB
Percpu:             2224 kB
HardwareCorrupted:     0 kB
AnonHugePages:    641024 kB
ShmemHugePages:        0 kB
ShmemPmdMapped:        0 kB
FileHugePages:         0 kB
FilePmdMapped:         0 kB
Unaccepted:            0 kB
HugePages_Total:       0
HugePages_Free:        0
HugePages_Rsvd:        0
HugePages_Surp:        0
Hugepagesize:       2048 kB
Hugetlb:               0 kB
DirectMap4k:      131008 kB
DirectMap2M:     6160384 kB
DirectMap1G:    12582912 kB

/sys/kernel/mm/transparent_hugepage/enabled: [always] madvise never
/sys/kernel/mm/transparent_hugepage/hpage_pmd_size: 2097152
/sys/kernel/mm/transparent_hugepage/defrag (defrag/compaction efforts parameter): always defer defer+madvise [madvise] never

Process Memory:
Virtual Size: 18159128K (peak: 34960516K)
Resident Set Size: 20992K (peak: 20992K) (anon: 7680K, file: 13312K, shmem: 0K)
Swapped out: 0K
C-Heap outstanding allocations: 14876K, retained: 603K (may have wrapped)
glibc malloc tunables: (default)

/proc/sys/kernel/threads-max (system-wide limit on the number of threads): 127799
/proc/sys/vm/max_map_count (maximum number of memory map areas a process may have): 65530
/proc/sys/kernel/pid_max (system-wide limit on number of process identifiers): 4194304

container (cgroup) information:
container_type: cgroupv2
cpu_cpuset_cpus: not supported
cpu_memory_nodes: not supported
active_processor_count: 4
cpu_quota: no quota
cpu_period: 100000
cpu_shares: no shares
memory_limit_in_bytes: unlimited
memory_and_swap_limit_in_bytes: unlimited
memory_soft_limit_in_bytes: unlimited
memory_usage_in_bytes: 1310044 k
memory_max_usage_in_bytes: not supported
memory_swap_current_in_bytes: unlimited
memory_swap_max_limit_in_bytes: unlimited
maximum number of tasks: unlimited
current number of tasks: 104

Hyper-V virtualization detected
Steal ticks since vm start: 0
Steal ticks percentage since vm start:  0.000

CPU: total 4 (initial active 4) (16 cores per cpu, 2 threads per core) family 25 model 1 stepping 1 microcode 0xffffffff, cx8, cmov, fxsr, ht, mmx, 3dnowpref, sse, sse2, sse3, ssse3, sse4a, sse4.1, sse4.2, popcnt, lzcnt, tsc, tscinvbit, avx, avx2, aes, erms, clmul, bmi1, bmi2, adx, sha, fma, vzeroupper, clflush, clflushopt, hv, rdtscp, rdpid, fsrm, f16c, cet_ss
CPU Model and flags from /proc/cpuinfo:
model name	: AMD EPYC 7763 64-Core Processor
flags		: fpu vme de pse tsc msr pae mce cx8 apic sep mtrr pge mca cmov pat pse36 clflush mmx fxsr sse sse2 ht syscall nx mmxext fxsr_opt pdpe1gb rdtscp lm constant_tsc rep_good nopl tsc_reliable nonstop_tsc cpuid extd_apicid aperfmperf pni pclmulqdq ssse3 fma cx16 pcid sse4_1 sse4_2 movbe popcnt aes xsave avx f16c rdrand hypervisor lahf_lm cmp_legacy svm cr8_legacy abm sse4a misalignsse 3dnowprefetch osvw topoext invpcid_single vmmcall fsgsbase bmi1 avx2 smep bmi2 erms invpcid rdseed adx smap clflushopt clwb sha_ni xsaveopt xsavec xgetbv1 xsaves clzero xsaveerptr rdpru arat npt nrip_save tsc_scale vmcb_clean flushbyasid decodeassists pausefilter pfthreshold v_vmsave_vmload umip vaes vpclmulqdq rdpid fsrm

Online cpus: 0-3
Offline cpus: 
BIOS frequency limitation: <Not Available>
Frequency switch latency (ns): <Not Available>
Available cpu frequencies: <Not Available>
Current governor: <Not Available>
Core performance/turbo boost: <Not Available>

Memory: 4k page, physical 16364604k(14540576k free), swap 0k(0k free)
Page Sizes: 4k

vm_info: OpenJDK 64-Bit Server VM (21.0.3+9-LTS) for linux-amd64 JRE (21.0.3+9-LTS), built on 2024-04-10T01:29:19Z by "MicrosoftCorporation" with gcc 11.3.0

END.
