#
# There is insufficient memory for the Java Runtime Environment to continue.
# Native memory allocation (mmap) failed to map 8589934592 bytes. Error detail: committing reserved memory.
# Possible reasons:
#   The system is out of physical RAM or swap space
#   This process is running with CompressedOops enabled, and the Java Heap may be blocking the growth of the native heap
# Possible solutions:
#   Reduce memory load on the system
#   Increase physical memory or swap space
#   Check if swap backing store is full
#   Decrease Java heap size (-Xmx/-Xms)
#   Decrease number of Java threads
#   Decrease Java thread stack sizes (-Xss)
#   Set larger code cache with -XX:ReservedCodeCacheSize=
#   JVM is running with Zero Based Compressed Oops mode in which the Java heap is
#     placed in the first 32GB address space. The Java Heap base address is the
#     maximum limit for the native heap growth. Please use -XX:HeapBaseMinAddress
#     to set the Java Heap base and to place the Java Heap above 32GB virtual address.
# This output file may be truncated or incomplete.
#
#  Out of Memory Error (os_linux.cpp:2784), pid=27939, tid=27940
#
# JRE version:  (21.0.3+9) (build )
# Java VM: OpenJDK 64-Bit Server VM (21.0.3+9-LTS, mixed mode, sharing, tiered, compressed oops, compressed class ptrs, g1 gc, linux-amd64)
# Core dump will be written. Default location: Core dumps may be processed with "/usr/share/apport/apport -p%p -s%s -c%c -d%d -P%P -u%u -g%g -- %E" (or dumping to /workspaces/Panel/core.27939)
#

---------------  S U M M A R Y ------------

Command Line: -Xms8G -Xmx16G server.jar --nogui

Host: AMD EPYC 7763 64-Core Processor, 2 cores, 7G, Ubuntu 20.04.6 LTS
Time: Sat Jun 29 03:23:21 2024 UTC elapsed time: 0.013770 seconds (0d 0h 0m 0s)

---------------  T H R E A D  ---------------

Current thread (0x0000751a3c027760):  JavaThread "Unknown thread" [_thread_in_vm, id=27940, stack(0x0000751a401da000,0x0000751a402db000) (1028K)]

Stack: [0x0000751a401da000,0x0000751a402db000],  sp=0x0000751a402d94b0,  free space=1021k
Native frames: (J=compiled Java code, j=interpreted, Vv=VM code, C=native code)
V  [libjvm.so+0x10092e8]  VMError::report_and_die(int, char const*, char const*, __va_list_tag*, Thread*, unsigned char*, void*, void*, char const*, int, unsigned long)+0x2b8  (os_linux.cpp:2784)
V  [libjvm.so+0x1009cdd]
V  [libjvm.so+0x6b97bf]
V  [libjvm.so+0xd031b4]  os::pd_commit_memory_or_exit(char*, unsigned long, unsigned long, bool, char const*)+0xd4
V  [libjvm.so+0xcfc65d]  os::commit_memory_or_exit(char*, unsigned long, unsigned long, bool, char const*)+0x1d
V  [libjvm.so+0x811feb]  G1PageBasedVirtualSpace::commit(unsigned long, unsigned long)+0xfb
V  [libjvm.so+0x82847f]  G1RegionsLargerThanCommitSizeMapper::commit_regions(unsigned int, unsigned long, WorkerThreads*)+0x9f
V  [libjvm.so+0x8b8075]  HeapRegionManager::commit_regions(unsigned int, unsigned long, WorkerThreads*)+0x55
V  [libjvm.so+0x8b9ce2]  HeapRegionManager::expand(unsigned int, unsigned int, WorkerThreads*)+0x32
V  [libjvm.so+0x8b9f0e]  HeapRegionManager::expand_by(unsigned int, WorkerThreads*)+0x7e
V  [libjvm.so+0x7cc6cf]  G1CollectedHeap::expand(unsigned long, WorkerThreads*, double*)+0xff
V  [libjvm.so+0x7ccce4]  G1CollectedHeap::initialize()+0x5c4
V  [libjvm.so+0xfaa526]  universe_init()+0xd6
V  [libjvm.so+0x8d8a07]  init_globals()+0x37
V  [libjvm.so+0xf891f5]  Threads::create_vm(JavaVMInitArgs*, bool*)+0x2b5
V  [libjvm.so+0x9b442f]  JNI_CreateJavaVM+0x4f
C  [libjli.so+0x42cb]  JavaMain+0x8b
C  [libjli.so+0x7e49]  ThreadJavaMain+0x9

---------------  P R O C E S S  ---------------

Threads class SMR info:
_java_thread_list=0x0000751a4199d9e0, length=0, elements={
}

Java Threads: ( => current thread )
Total: 0

Other Threads:
  0x0000751a3c052050 WorkerThread "GC Thread#0"                     [id=27941, stack(0x0000751a1043c000,0x0000751a1053c000) (1024K)]
  0x0000751a3c063610 ConcurrentGCThread "G1 Main Marker"            [id=27942, stack(0x0000751a1033b000,0x0000751a1043b000) (1024K)]
  0x0000751a3c0645b0 WorkerThread "G1 Conc#0"                       [id=27943, stack(0x0000751a1023a000,0x0000751a1033a000) (1024K)]

[error occurred during error reporting (printing all threads), id 0xb, SIGSEGV (0xb) at pc=0x0000751a40c19720]
VM state: not at safepoint (not fully initialized)

VM Mutex/Monitor currently owned by a thread:  ([mutex/lock_event])
[0x0000751a41977d40] Heap_lock - owner thread: 0x0000751a3c027760

Heap address: 0x0000000400000000, size: 16384 MB, Compressed Oops mode: Zero based, Oop shift amount: 3

CDS archive(s) mapped at: [0x0000000000000000-0x0000000000000000-0x0000000000000000), size 0, SharedBaseAddress: 0x0000000800000000, ArchiveRelocationMode: 1.
Narrow klass base: 0x0000000000000000, Narrow klass shift: 0, Narrow klass range: 0x0

GC Precious Log:
 CardTable entry size: 512
 Card Set container configuration: InlinePtr #cards 4 size 8 Array Of Cards #cards 64 size 144 Howl #buckets 8 coarsen threshold 14745 Howl Bitmap #cards 2048 size 272 coarsen threshold 1843 Card regions per heap region 1 cards per card region 16384

Heap:
 garbage-first heap   total 0K, used 0K [0x0000000400000000, 0x0000000800000000)
  region size 8192K, 0 young (0K), 0 survivors (0K)

[error occurred during error reporting (printing heap information), id 0xb, SIGSEGV (0xb) at pc=0x0000751a411e265a]
GC Heap History (0 events):
No events

Dll operation events (1 events):
Event: 0.002 Loaded shared library /usr/local/sdkman/candidates/java/21.0.3-ms/lib/libjava.so

Deoptimization events (0 events):
No events

Classes loaded (0 events):
No events

Classes unloaded (0 events):
No events

Classes redefined (0 events):
No events

Internal exceptions (0 events):
No events

ZGC Phase Switch (0 events):
No events

VM Operations (0 events):
No events

Events (1 events):
Event: 0.002 Protecting memory [0x0000751a401da000,0x0000751a401de000] with protection modes 0


Dynamic libraries:
600000000-800000000 ---p 00000000 00:00 0 
59c2e04f6000-59c2e04f7000 r-xp 00000000 07:03 1079170                    /usr/local/sdkman/candidates/java/21.0.3-ms/bin/java
59c2e04f8000-59c2e04f9000 r--p 00001000 07:03 1079170                    /usr/local/sdkman/candidates/java/21.0.3-ms/bin/java
59c2e04f9000-59c2e04fa000 rw-p 00002000 07:03 1079170                    /usr/local/sdkman/candidates/java/21.0.3-ms/bin/java
59c2e1b40000-59c2e1b86000 rw-p 00000000 00:00 0                          [heap]
751a01b9f000-751a04000000 rw-p 00000000 00:00 0 
751a04000000-751a04021000 rw-p 00000000 00:00 0 
751a04021000-751a08000000 ---p 00000000 00:00 0 
751a08000000-751a08021000 rw-p 00000000 00:00 0 
751a08021000-751a0c000000 ---p 00000000 00:00 0 
751a0c000000-751a0c021000 rw-p 00000000 00:00 0 
751a0c021000-751a10000000 ---p 00000000 00:00 0 
751a10037000-751a10239000 rw-p 00000000 00:00 0 
751a10239000-751a1023a000 ---p 00000000 00:00 0 
751a1023a000-751a1033a000 rw-p 00000000 00:00 0 
751a1033a000-751a1033b000 ---p 00000000 00:00 0 
751a1033b000-751a1043b000 rw-p 00000000 00:00 0 
751a1043b000-751a1043c000 ---p 00000000 00:00 0 
751a1043c000-751a105c2000 rw-p 00000000 00:00 0 
751a105c2000-751a245c2000 ---p 00000000 00:00 0 
751a245c2000-751a247c9000 rw-p 00000000 00:00 0 
751a247c9000-751a248af000 ---p 00000000 00:00 0 
751a248af000-751a24b1f000 rwxp 00000000 00:00 0 
751a24b1f000-751a2bde7000 ---p 00000000 00:00 0 
751a2bde7000-751a2c057000 rwxp 00000000 00:00 0 
751a2c057000-751a2c376000 ---p 00000000 00:00 0 
751a2c376000-751a2c5e6000 rwxp 00000000 00:00 0 
751a2c5e6000-751a338af000 ---p 00000000 00:00 0 
751a338af000-751a3c000000 r--s 00000000 07:03 1079656                    /usr/local/sdkman/candidates/java/21.0.3-ms/lib/modules
751a3c000000-751a3c07a000 rw-p 00000000 00:00 0 
751a3c07a000-751a40000000 ---p 00000000 00:00 0 
751a40001000-751a40087000 rw-p 00000000 00:00 0 
751a40087000-751a4016d000 ---p 00000000 00:00 0 
751a4016d000-751a40172000 rw-p 00000000 00:00 0 
751a40172000-751a40179000 ---p 00000000 00:00 0 
751a40179000-751a40199000 r-xp 00000000 07:03 1079631                    /usr/local/sdkman/candidates/java/21.0.3-ms/lib/libjava.so
751a40199000-751a4019a000 ---p 00020000 07:03 1079631                    /usr/local/sdkman/candidates/java/21.0.3-ms/lib/libjava.so
751a4019a000-751a4019b000 r--p 00020000 07:03 1079631                    /usr/local/sdkman/candidates/java/21.0.3-ms/lib/libjava.so
751a4019b000-751a4019c000 rw-p 00021000 07:03 1079631                    /usr/local/sdkman/candidates/java/21.0.3-ms/lib/libjava.so
751a4019c000-751a4019d000 rw-p 00000000 00:00 0 
751a4019d000-751a401a0000 r--p 00000000 07:03 790056                     /usr/lib/x86_64-linux-gnu/libnss_files-2.31.so
751a401a0000-751a401a7000 r-xp 00003000 07:03 790056                     /usr/lib/x86_64-linux-gnu/libnss_files-2.31.so
751a401a7000-751a401a9000 r--p 0000a000 07:03 790056                     /usr/lib/x86_64-linux-gnu/libnss_files-2.31.so
751a401a9000-751a401aa000 r--p 0000b000 07:03 790056                     /usr/lib/x86_64-linux-gnu/libnss_files-2.31.so
751a401aa000-751a401ab000 rw-p 0000c000 07:03 790056                     /usr/lib/x86_64-linux-gnu/libnss_files-2.31.so
751a401ab000-751a401b1000 rw-p 00000000 00:00 0 
751a401bb000-751a401d6000 r-xp 00000000 07:03 1079635                    /usr/local/sdkman/candidates/java/21.0.3-ms/lib/libjimage.so
751a401d6000-751a401d7000 ---p 0001b000 07:03 1079635                    /usr/local/sdkman/candidates/java/21.0.3-ms/lib/libjimage.so
751a401d7000-751a401d9000 r--p 0001b000 07:03 1079635                    /usr/local/sdkman/candidates/java/21.0.3-ms/lib/libjimage.so
751a401d9000-751a401da000 rw-p 0001d000 07:03 1079635                    /usr/local/sdkman/candidates/java/21.0.3-ms/lib/libjimage.so
751a401da000-751a401de000 ---p 00000000 00:00 0 
751a401de000-751a402db000 rw-p 00000000 00:00 0 
751a402db000-751a402e8000 r--p 00000000 07:03 790045                     /usr/lib/x86_64-linux-gnu/libm-2.31.so
751a402e8000-751a4038f000 r-xp 0000d000 07:03 790045                     /usr/lib/x86_64-linux-gnu/libm-2.31.so
751a4038f000-751a40428000 r--p 000b4000 07:03 790045                     /usr/lib/x86_64-linux-gnu/libm-2.31.so
751a40428000-751a40429000 r--p 0014c000 07:03 790045                     /usr/lib/x86_64-linux-gnu/libm-2.31.so
751a40429000-751a4042a000 rw-p 0014d000 07:03 790045                     /usr/lib/x86_64-linux-gnu/libm-2.31.so
751a4042a000-751a4042c000 r--p 00000000 07:03 790069                     /usr/lib/x86_64-linux-gnu/librt-2.31.so
751a4042c000-751a40430000 r-xp 00002000 07:03 790069                     /usr/lib/x86_64-linux-gnu/librt-2.31.so
751a40430000-751a40432000 r--p 00006000 07:03 790069                     /usr/lib/x86_64-linux-gnu/librt-2.31.so
751a40432000-751a40433000 r--p 00007000 07:03 790069                     /usr/lib/x86_64-linux-gnu/librt-2.31.so
751a40433000-751a40434000 rw-p 00008000 07:03 790069                     /usr/lib/x86_64-linux-gnu/librt-2.31.so
751a40434000-751a41845000 r-xp 00000000 07:03 1079668                    /usr/local/sdkman/candidates/java/21.0.3-ms/lib/server/libjvm.so
751a41845000-751a41916000 r--p 01410000 07:03 1079668                    /usr/local/sdkman/candidates/java/21.0.3-ms/lib/server/libjvm.so
751a41916000-751a41946000 rw-p 014e1000 07:03 1079668                    /usr/local/sdkman/candidates/java/21.0.3-ms/lib/server/libjvm.so
751a41946000-751a419ae000 rw-p 00000000 00:00 0 
751a419ae000-751a419d0000 r--p 00000000 07:03 790041                     /usr/lib/x86_64-linux-gnu/libc-2.31.so
751a419d0000-751a41b48000 r-xp 00022000 07:03 790041                     /usr/lib/x86_64-linux-gnu/libc-2.31.so
751a41b48000-751a41b96000 r--p 0019a000 07:03 790041                     /usr/lib/x86_64-linux-gnu/libc-2.31.so
751a41b96000-751a41b9a000 r--p 001e7000 07:03 790041                     /usr/lib/x86_64-linux-gnu/libc-2.31.so
751a41b9a000-751a41b9c000 rw-p 001eb000 07:03 790041                     /usr/lib/x86_64-linux-gnu/libc-2.31.so
751a41b9c000-751a41ba0000 rw-p 00000000 00:00 0 
751a41ba0000-751a41ba1000 r--p 00000000 07:03 790043                     /usr/lib/x86_64-linux-gnu/libdl-2.31.so
751a41ba1000-751a41ba3000 r-xp 00001000 07:03 790043                     /usr/lib/x86_64-linux-gnu/libdl-2.31.so
751a41ba3000-751a41ba4000 r--p 00003000 07:03 790043                     /usr/lib/x86_64-linux-gnu/libdl-2.31.so
751a41ba4000-751a41ba5000 r--p 00003000 07:03 790043                     /usr/lib/x86_64-linux-gnu/libdl-2.31.so
751a41ba5000-751a41ba6000 rw-p 00004000 07:03 790043                     /usr/lib/x86_64-linux-gnu/libdl-2.31.so
751a41ba6000-751a41bac000 r--p 00000000 07:03 790065                     /usr/lib/x86_64-linux-gnu/libpthread-2.31.so
751a41bac000-751a41bbd000 r-xp 00006000 07:03 790065                     /usr/lib/x86_64-linux-gnu/libpthread-2.31.so
751a41bbd000-751a41bc3000 r--p 00017000 07:03 790065                     /usr/lib/x86_64-linux-gnu/libpthread-2.31.so
751a41bc3000-751a41bc4000 r--p 0001c000 07:03 790065                     /usr/lib/x86_64-linux-gnu/libpthread-2.31.so
751a41bc4000-751a41bc5000 rw-p 0001d000 07:03 790065                     /usr/lib/x86_64-linux-gnu/libpthread-2.31.so
751a41bc5000-751a41bc9000 rw-p 00000000 00:00 0 
751a41bc9000-751a41bd7000 r-xp 00000000 07:03 1079636                    /usr/local/sdkman/candidates/java/21.0.3-ms/lib/libjli.so
751a41bd7000-751a41bd8000 ---p 0000e000 07:03 1079636                    /usr/local/sdkman/candidates/java/21.0.3-ms/lib/libjli.so
751a41bd8000-751a41bd9000 r--p 0000e000 07:03 1079636                    /usr/local/sdkman/candidates/java/21.0.3-ms/lib/libjli.so
751a41bd9000-751a41bda000 rw-p 0000f000 07:03 1079636                    /usr/local/sdkman/candidates/java/21.0.3-ms/lib/libjli.so
751a41bda000-751a41bdc000 r--p 00000000 07:03 787500                     /usr/lib/x86_64-linux-gnu/libz.so.1.2.11
751a41bdc000-751a41bed000 r-xp 00002000 07:03 787500                     /usr/lib/x86_64-linux-gnu/libz.so.1.2.11
751a41bed000-751a41bf3000 r--p 00013000 07:03 787500                     /usr/lib/x86_64-linux-gnu/libz.so.1.2.11
751a41bf3000-751a41bf4000 ---p 00019000 07:03 787500                     /usr/lib/x86_64-linux-gnu/libz.so.1.2.11
751a41bf4000-751a41bf5000 r--p 00019000 07:03 787500                     /usr/lib/x86_64-linux-gnu/libz.so.1.2.11
751a41bf5000-751a41bf6000 rw-p 0001a000 07:03 787500                     /usr/lib/x86_64-linux-gnu/libz.so.1.2.11
751a41bf6000-751a41bfe000 rw-s 00000000 08:11 2490385                    /tmp/hsperfdata_codespace/27939
751a41bfe000-751a41bff000 ---p 00000000 00:00 0 
751a41bff000-751a41c00000 r--p 00000000 00:00 0 
751a41c00000-751a41c02000 rw-p 00000000 00:00 0 
751a41c02000-751a41c03000 r--p 00000000 07:03 790034                     /usr/lib/x86_64-linux-gnu/ld-2.31.so
751a41c03000-751a41c26000 r-xp 00001000 07:03 790034                     /usr/lib/x86_64-linux-gnu/ld-2.31.so
751a41c26000-751a41c2e000 r--p 00024000 07:03 790034                     /usr/lib/x86_64-linux-gnu/ld-2.31.so
751a41c2e000-751a41c2f000 ---p 00000000 00:00 0 
751a41c2f000-751a41c30000 r--p 0002c000 07:03 790034                     /usr/lib/x86_64-linux-gnu/ld-2.31.so
751a41c30000-751a41c31000 rw-p 0002d000 07:03 790034                     /usr/lib/x86_64-linux-gnu/ld-2.31.so
751a41c31000-751a41c32000 rw-p 00000000 00:00 0 
7ffda525e000-7ffda5280000 rw-p 00000000 00:00 0                          [stack]
7ffda52de000-7ffda52e2000 r--p 00000000 00:00 0                          [vvar]
7ffda52e2000-7ffda52e4000 r-xp 00000000 00:00 0                          [vdso]
ffffffffff600000-ffffffffff601000 --xp 00000000 00:00 0                  [vsyscall]
Total number of mappings: 108


VM Arguments:
jvm_args: -Xms8G -Xmx16G 
java_command: server.jar --nogui
java_class_path (initial): server.jar
Launcher Type: SUN_STANDARD

[Global flags]
     intx CICompilerCount                          = 2                                         {product} {ergonomic}
     uint ConcGCThreads                            = 1                                         {product} {ergonomic}
     uint G1ConcRefinementThreads                  = 2                                         {product} {ergonomic}
   size_t G1HeapRegionSize                         = 8388608                                   {product} {ergonomic}
    uintx GCDrainStackTargetSize                   = 64                                        {product} {ergonomic}
   size_t InitialHeapSize                          = 8589934592                                {product} {command line}
   size_t MarkStackSize                            = 4194304                                   {product} {ergonomic}
   size_t MaxHeapSize                              = 17179869184                               {product} {command line}
   size_t MinHeapDeltaBytes                        = 8388608                                   {product} {ergonomic}
   size_t MinHeapSize                              = 8589934592                                {product} {command line}
    uintx NonNMethodCodeHeapSize                   = 5826188                                {pd product} {ergonomic}
    uintx NonProfiledCodeHeapSize                  = 122916026                              {pd product} {ergonomic}
    uintx ProfiledCodeHeapSize                     = 122916026                              {pd product} {ergonomic}
    uintx ReservedCodeCacheSize                    = 251658240                              {pd product} {ergonomic}
     bool SegmentedCodeCache                       = true                                      {product} {ergonomic}
   size_t SoftMaxHeapSize                          = 17179869184                            {manageable} {ergonomic}
     bool UseCompressedOops                        = true                           {product lp64_product} {ergonomic}
     bool UseG1GC                                  = true                                      {product} {ergonomic}

Logging:
Log output configuration:
 #0: stdout all=warning uptime,level,tags foldmultilines=false
 #1: stderr all=off uptime,level,tags foldmultilines=false

Environment Variables:
JAVA_HOME=/usr/local/sdkman/candidates/java/current
PATH=/usr/local/rvm/gems/ruby-3.2.4/bin:/usr/local/rvm/gems/ruby-3.2.4@global/bin:/usr/local/rvm/rubies/ruby-3.2.4/bin:/vscode/bin/linux-x64/5437499feb04f7a586f677b155b039bc2b3669eb/bin/remote-cli:/home/codespace/.local/bin:/home/codespace/.dotnet:/home/codespace/nvm/current/bin:/home/codespace/.php/current/bin:/home/codespace/.python/current/bin:/home/codespace/java/current/bin:/home/codespace/.ruby/current/bin:/home/codespace/.local/bin:/usr/local/python/current/bin:/usr/local/py-utils/bin:/usr/local/oryx:/usr/local/go/bin:/go/bin:/usr/local/sdkman/bin:/usr/local/sdkman/candidates/java/current/bin:/usr/local/sdkman/candidates/gradle/current/bin:/usr/local/sdkman/candidates/maven/current/bin:/usr/local/sdkman/candidates/ant/current/bin:/usr/local/rvm/gems/default/bin:/usr/local/rvm/gems/default@global/bin:/usr/local/rvm/rubies/default/bin:/usr/local/share/rbenv/bin:/usr/local/php/current/bin:/opt/conda/bin:/usr/local/nvs:/usr/local/share/nvm/versions/node/v20.14.0/bin:/usr/local/hugo/bin:/usr/local/sbin:/usr/local/bin:/usr/sbin:/usr/bin:/sbin:/bin:/usr/share/dotnet:/home/codespace/.dotnet/tools:/usr/local/rvm/bin
SHELL=/bin/bash
LANG=C.UTF-8
TERM=xterm-256color

Active Locale:
LC_ALL=C
LC_COLLATE=C
LC_CTYPE=C
LC_MESSAGES=C
LC_MONETARY=C
LC_NUMERIC=C
LC_TIME=C

Signal Handlers:
   SIGSEGV: crash_handler in libjvm.so, mask=11100100010111111101111111111110, flags=SA_RESTART|SA_SIGINFO, unblocked
    SIGBUS: crash_handler in libjvm.so, mask=11100100010111111101111111111110, flags=SA_RESTART|SA_SIGINFO, unblocked
    SIGFPE: crash_handler in libjvm.so, mask=11100100010111111101111111111110, flags=SA_RESTART|SA_SIGINFO, unblocked
   SIGPIPE: javaSignalHandler in libjvm.so, mask=11100100010111111101111111111110, flags=SA_RESTART|SA_SIGINFO, blocked
   SIGXFSZ: javaSignalHandler in libjvm.so, mask=11100100010111111101111111111110, flags=SA_RESTART|SA_SIGINFO, blocked
    SIGILL: crash_handler in libjvm.so, mask=11100100010111111101111111111110, flags=SA_RESTART|SA_SIGINFO, unblocked
   SIGUSR2: SR_handler in libjvm.so, mask=00000000000000000000000000000000, flags=SA_RESTART|SA_SIGINFO, blocked
    SIGHUP: SIG_DFL, mask=00000000000000000000000000000000, flags=none, blocked
    SIGINT: SIG_DFL, mask=00000000000000000000000000000000, flags=none, blocked
   SIGTERM: SIG_DFL, mask=00000000000000000000000000000000, flags=none, blocked
   SIGQUIT: UserHandler in libjvm.so, mask=11100100010111111101111111111110, flags=SA_RESTART|SA_SIGINFO, blocked
   SIGTRAP: crash_handler in libjvm.so, mask=11100100010111111101111111111110, flags=SA_RESTART|SA_SIGINFO, unblocked


Periodic native trim disabled

---------------  S Y S T E M  ---------------

OS:
DISTRIB_ID=Ubuntu
DISTRIB_RELEASE=20.04
DISTRIB_CODENAME=focal
DISTRIB_DESCRIPTION="Ubuntu 20.04.6 LTS"
uname: Linux 6.5.0-1022-azure #23~22.04.1-Ubuntu SMP Thu May  9 17:59:24 UTC 2024 x86_64
OS uptime: 0 days 1:13 hours
libc: glibc 2.31 NPTL 2.31 
rlimit (soft/hard): STACK 8192k/infinity , CORE infinity/infinity , NPROC infinity/infinity , NOFILE 1048576/1048576 , AS infinity/infinity , CPU infinity/infinity , DATA infinity/infinity , FSIZE infinity/infinity , MEMLOCK 8192k/8192k
load average: 0.16 0.27 0.28

/proc/meminfo:
MemTotal:        8119864 kB
MemFree:          261512 kB
MemAvailable:    4155928 kB
Buffers:          218324 kB
Cached:          3874448 kB
SwapCached:            0 kB
Active:          3695200 kB
Inactive:        3701008 kB
Active(anon):    2666136 kB
Inactive(anon):   717396 kB
Active(file):    1029064 kB
Inactive(file):  2983612 kB
Unevictable:       27824 kB
Mlocked:           27824 kB
SwapTotal:             0 kB
SwapFree:              0 kB
Zswap:                 0 kB
Zswapped:              0 kB
Dirty:               216 kB
Writeback:             0 kB
AnonPages:       3275800 kB
Mapped:           546716 kB
Shmem:             71000 kB
KReclaimable:     195056 kB
Slab:             278732 kB
SReclaimable:     195056 kB
SUnreclaim:        83676 kB
KernelStack:        8496 kB
PageTables:        32936 kB
SecPageTables:         0 kB
NFS_Unstable:          0 kB
Bounce:                0 kB
WritebackTmp:          0 kB
CommitLimit:     4059932 kB
Committed_AS:    6139792 kB
VmallocTotal:   34359738367 kB
VmallocUsed:       42384 kB
VmallocChunk:          0 kB
Percpu:             1096 kB
HardwareCorrupted:     0 kB
AnonHugePages:   1204224 kB
ShmemHugePages:        0 kB
ShmemPmdMapped:        0 kB
FileHugePages:         0 kB
FilePmdMapped:         0 kB
Unaccepted:            0 kB
HugePages_Total:       0
HugePages_Free:        0
HugePages_Rsvd:        0
HugePages_Surp:        0
Hugepagesize:       2048 kB
Hugetlb:               0 kB
DirectMap4k:      104384 kB
DirectMap2M:     4089856 kB
DirectMap1G:     6291456 kB

/sys/kernel/mm/transparent_hugepage/enabled: [always] madvise never
/sys/kernel/mm/transparent_hugepage/hpage_pmd_size: 2097152
/sys/kernel/mm/transparent_hugepage/defrag (defrag/compaction efforts parameter): always defer defer+madvise [madvise] never

Process Memory:
Virtual Size: 9437960K (peak: 17822084K)
Resident Set Size: 20184K (peak: 20184K) (anon: 7000K, file: 13184K, shmem: 0K)
Swapped out: 0K
C-Heap outstanding allocations: 9951K, retained: 604K (may have wrapped)
glibc malloc tunables: (default)

/proc/sys/kernel/threads-max (system-wide limit on the number of threads): 63387
/proc/sys/vm/max_map_count (maximum number of memory map areas a process may have): 65530
/proc/sys/kernel/pid_max (system-wide limit on number of process identifiers): 4194304

container (cgroup) information:
container_type: cgroupv2
cpu_cpuset_cpus: not supported
cpu_memory_nodes: not supported
active_processor_count: 2
cpu_quota: no quota
cpu_period: 100000
cpu_shares: no shares
memory_limit_in_bytes: unlimited
memory_and_swap_limit_in_bytes: unlimited
memory_soft_limit_in_bytes: unlimited
memory_usage_in_bytes: 3154216 k
memory_max_usage_in_bytes: not supported
memory_swap_current_in_bytes: unlimited
memory_swap_max_limit_in_bytes: unlimited
maximum number of tasks: unlimited
current number of tasks: 164

Hyper-V virtualization detected
Steal ticks since vm start: 0
Steal ticks percentage since vm start:  0.000

CPU: total 2 (initial active 2) (16 cores per cpu, 2 threads per core) family 25 model 1 stepping 1 microcode 0xffffffff, cx8, cmov, fxsr, ht, mmx, 3dnowpref, sse, sse2, sse3, ssse3, sse4a, sse4.1, sse4.2, popcnt, lzcnt, tsc, tscinvbit, avx, avx2, aes, erms, clmul, bmi1, bmi2, adx, sha, fma, vzeroupper, clflush, clflushopt, hv, rdtscp, rdpid, fsrm, f16c, cet_ss
CPU Model and flags from /proc/cpuinfo:
model name	: AMD EPYC 7763 64-Core Processor
flags		: fpu vme de pse tsc msr pae mce cx8 apic sep mtrr pge mca cmov pat pse36 clflush mmx fxsr sse sse2 ht syscall nx mmxext fxsr_opt pdpe1gb rdtscp lm constant_tsc rep_good nopl tsc_reliable nonstop_tsc cpuid extd_apicid aperfmperf pni pclmulqdq ssse3 fma cx16 pcid sse4_1 sse4_2 movbe popcnt aes xsave avx f16c rdrand hypervisor lahf_lm cmp_legacy svm cr8_legacy abm sse4a misalignsse 3dnowprefetch osvw topoext invpcid_single vmmcall fsgsbase bmi1 avx2 smep bmi2 erms invpcid rdseed adx smap clflushopt clwb sha_ni xsaveopt xsavec xgetbv1 xsaves clzero xsaveerptr rdpru arat npt nrip_save tsc_scale vmcb_clean flushbyasid decodeassists pausefilter pfthreshold v_vmsave_vmload umip vaes vpclmulqdq rdpid fsrm

Online cpus: 0-1
Offline cpus: 
BIOS frequency limitation: <Not Available>
Frequency switch latency (ns): <Not Available>
Available cpu frequencies: <Not Available>
Current governor: <Not Available>
Core performance/turbo boost: <Not Available>

Memory: 4k page, physical 8119864k(4155928k free), swap 0k(0k free)
Page Sizes: 4k

vm_info: OpenJDK 64-Bit Server VM (21.0.3+9-LTS) for linux-amd64 JRE (21.0.3+9-LTS), built on 2024-04-10T01:29:19Z by "MicrosoftCorporation" with gcc 11.3.0

END.
